#! /usr/bin/vvp
:ivl_version "11.0 (stable)";
:ivl_delay_selection "TYPICAL";
:vpi_time_precision + 0;
:vpi_module "/usr/lib/x86_64-linux-gnu/ivl/system.vpi";
:vpi_module "/usr/lib/x86_64-linux-gnu/ivl/vhdl_sys.vpi";
:vpi_module "/usr/lib/x86_64-linux-gnu/ivl/vhdl_textio.vpi";
:vpi_module "/usr/lib/x86_64-linux-gnu/ivl/v2005_math.vpi";
:vpi_module "/usr/lib/x86_64-linux-gnu/ivl/va_math.vpi";
S_0x55fe789a4b00 .scope module, "Signal_Controller_tb" "Signal_Controller_tb" 2 43;
 .timescale 0 0;
v0x55fe789b9f30_0 .var "button1", 0 0;
v0x55fe789b9ff0_0 .var "button2", 0 0;
v0x55fe789ba090_0 .var "clk", 0 0;
v0x55fe789ba130_0 .var "res", 0 0;
v0x55fe789ba200_0 .net "signal", 0 0, v0x55fe789b9dd0_0;  1 drivers
S_0x55fe789a4c90 .scope module, "DUT" "Signal_Controller" 2 48, 2 1 0, S_0x55fe789a4b00;
 .timescale 0 0;
    .port_info 0 /INPUT 1 "clk";
    .port_info 1 /INPUT 1 "res";
    .port_info 2 /INPUT 1 "button1";
    .port_info 3 /INPUT 1 "button2";
    .port_info 4 /OUTPUT 1 "signal";
v0x55fe78969370_0 .net "button1", 0 0, v0x55fe789b9f30_0;  1 drivers
v0x55fe789697f0_0 .net "button2", 0 0, v0x55fe789b9ff0_0;  1 drivers
v0x55fe78969c00_0 .var "calibrate_count", 6 0;
v0x55fe7898e9d0_0 .net "clk", 0 0, v0x55fe789ba090_0;  1 drivers
v0x55fe789b9b00_0 .var "count", 6 0;
v0x55fe789b9c30_0 .var "duration", 6 0;
v0x55fe789b9d10_0 .net "res", 0 0, v0x55fe789ba130_0;  1 drivers
v0x55fe789b9dd0_0 .var "signal", 0 0;
E_0x55fe78968420 .event posedge, v0x55fe789b9d10_0, v0x55fe7898e9d0_0;
E_0x55fe789a0cc0 .event posedge, v0x55fe7898e9d0_0;
    .scope S_0x55fe789a4c90;
T_0 ;
    %wait E_0x55fe78968420;
    %load/vec4 v0x55fe789b9d10_0;
    %flag_set/vec4 8;
    %jmp/0xz  T_0.0, 8;
    %pushi/vec4 0, 0, 7;
    %assign/vec4 v0x55fe789b9b00_0, 0;
    %jmp T_0.1;
T_0.0 ;
    %load/vec4 v0x55fe78969370_0;
    %flag_set/vec4 8;
    %jmp/0xz  T_0.2, 8;
    %load/vec4 v0x55fe789b9b00_0;
    %addi 1, 0, 7;
    %assign/vec4 v0x55fe789b9b00_0, 0;
    %jmp T_0.3;
T_0.2 ;
    %load/vec4 v0x55fe789697f0_0;
    %flag_set/vec4 8;
    %jmp/0xz  T_0.4, 8;
    %load/vec4 v0x55fe789b9b00_0;
    %subi 1, 0, 7;
    %assign/vec4 v0x55fe789b9b00_0, 0;
T_0.4 ;
T_0.3 ;
T_0.1 ;
    %jmp T_0;
    .thread T_0;
    .scope S_0x55fe789a4c90;
T_1 ;
    %wait E_0x55fe78968420;
    %load/vec4 v0x55fe789b9d10_0;
    %flag_set/vec4 8;
    %jmp/0xz  T_1.0, 8;
    %pushi/vec4 0, 0, 7;
    %assign/vec4 v0x55fe789b9c30_0, 0;
    %jmp T_1.1;
T_1.0 ;
    %load/vec4 v0x55fe78969370_0;
    %flag_set/vec4 8;
    %load/vec4 v0x55fe789697f0_0;
    %flag_set/vec4 9;
    %flag_or 9, 8;
    %jmp/0xz  T_1.2, 9;
    %load/vec4 v0x55fe789b9c30_0;
    %addi 1, 0, 7;
    %assign/vec4 v0x55fe789b9c30_0, 0;
T_1.2 ;
T_1.1 ;
    %jmp T_1;
    .thread T_1;
    .scope S_0x55fe789a4c90;
T_2 ;
    %wait E_0x55fe789a0cc0;
    %load/vec4 v0x55fe789b9c30_0;
    %cmpi/u 125, 0, 7;
    %flag_inv 5; GE is !LT
    %jmp/0xz  T_2.0, 5;
    %load/vec4 v0x55fe789b9b00_0;
    %assign/vec4 v0x55fe78969c00_0, 0;
T_2.0 ;
    %jmp T_2;
    .thread T_2;
    .scope S_0x55fe789a4c90;
T_3 ;
    %wait E_0x55fe78968420;
    %load/vec4 v0x55fe789b9d10_0;
    %flag_set/vec4 8;
    %jmp/0xz  T_3.0, 8;
    %pushi/vec4 0, 0, 1;
    %assign/vec4 v0x55fe789b9dd0_0, 0;
    %jmp T_3.1;
T_3.0 ;
    %load/vec4 v0x55fe789b9c30_0;
    %cmpi/u 125, 0, 7;
    %flag_inv 5; GE is !LT
    %jmp/0xz  T_3.2, 5;
    %load/vec4 v0x55fe78969c00_0;
    %parti/s 1, 0, 2;
    %assign/vec4 v0x55fe789b9dd0_0, 0;
T_3.2 ;
T_3.1 ;
    %jmp T_3;
    .thread T_3;
    .scope S_0x55fe789a4b00;
T_4 ;
    %vpi_call 2 57 "$monitor", "Signal: %b", v0x55fe789ba200_0 {0 0 0};
    %pushi/vec4 0, 0, 1;
    %store/vec4 v0x55fe789ba090_0, 0, 1;
T_4.0 ;
    %delay 5, 0;
    %load/vec4 v0x55fe789ba090_0;
    %inv;
    %store/vec4 v0x55fe789ba090_0, 0, 1;
    %jmp T_4.0;
    %end;
    .thread T_4;
    .scope S_0x55fe789a4b00;
T_5 ;
    %vpi_call 2 63 "$dumpfile", "signal.vcd" {0 0 0};
    %vpi_call 2 64 "$dumpvars" {0 0 0};
    %pushi/vec4 1, 0, 1;
    %store/vec4 v0x55fe789ba130_0, 0, 1;
    %pushi/vec4 0, 0, 1;
    %store/vec4 v0x55fe789b9f30_0, 0, 1;
    %pushi/vec4 0, 0, 1;
    %store/vec4 v0x55fe789b9ff0_0, 0, 1;
    %delay 10, 0;
    %pushi/vec4 0, 0, 1;
    %store/vec4 v0x55fe789ba130_0, 0, 1;
    %delay 20, 0;
    %pushi/vec4 1, 0, 1;
    %store/vec4 v0x55fe789b9f30_0, 0, 1;
    %delay 30, 0;
    %pushi/vec4 0, 0, 1;
    %store/vec4 v0x55fe789b9f30_0, 0, 1;
    %delay 20, 0;
    %pushi/vec4 1, 0, 1;
    %store/vec4 v0x55fe789b9ff0_0, 0, 1;
    %delay 40, 0;
    %pushi/vec4 0, 0, 1;
    %store/vec4 v0x55fe789b9ff0_0, 0, 1;
    %delay 100, 0;
    %vpi_call 2 74 "$finish" {0 0 0};
    %end;
    .thread T_5;
# The file index is used to find the file name in the following table.
:file_names 3;
    "N/A";
    "<interactive>";
    "signal.v";
