#! /usr/bin/vvp
:ivl_version "11.0 (stable)";
:ivl_delay_selection "TYPICAL";
:vpi_time_precision + 0;
:vpi_module "/usr/lib/x86_64-linux-gnu/ivl/system.vpi";
:vpi_module "/usr/lib/x86_64-linux-gnu/ivl/vhdl_sys.vpi";
:vpi_module "/usr/lib/x86_64-linux-gnu/ivl/vhdl_textio.vpi";
:vpi_module "/usr/lib/x86_64-linux-gnu/ivl/v2005_math.vpi";
:vpi_module "/usr/lib/x86_64-linux-gnu/ivl/va_math.vpi";
S_0x558df003aa80 .scope module, "segment_display_tb" "segment_display_tb" 2 1;
 .timescale 0 0;
v0x558df0060d80_0 .var "button_minus", 0 0;
v0x558df0060e90_0 .var "button_plus", 0 0;
v0x558df0060fa0_0 .var "clk", 0 0;
v0x558df0061040_0 .var "rst", 0 0;
v0x558df00610e0_0 .net "segment", 6 0, v0x558df0060c60_0;  1 drivers
S_0x558df003ac10 .scope module, "dut" "segment_display" 2 9, 3 1 0, S_0x558df003aa80;
 .timescale 0 0;
    .port_info 0 /INPUT 1 "clk";
    .port_info 1 /INPUT 1 "rst";
    .port_info 2 /INPUT 1 "button_plus";
    .port_info 3 /INPUT 1 "button_minus";
    .port_info 4 /OUTPUT 7 "segment";
v0x558df0060680_0 .net "b_minus_out", 0 0, L_0x558df0071af0;  1 drivers
v0x558df0060740_0 .net "b_plus_out", 0 0, L_0x558df00713c0;  1 drivers
v0x558df0060810_0 .net "button_minus", 0 0, v0x558df0060d80_0;  1 drivers
v0x558df0060910_0 .net "button_plus", 0 0, v0x558df0060e90_0;  1 drivers
v0x558df00609e0_0 .net "clk", 0 0, v0x558df0060fa0_0;  1 drivers
v0x558df0060ad0_0 .var "number", 3 0;
v0x558df0060b70_0 .net "rst", 0 0, v0x558df0061040_0;  1 drivers
v0x558df0060c60_0 .var "segment", 6 0;
E_0x558df0039230 .event edge, v0x558df0060ad0_0;
S_0x558df0040940 .scope module, "debminus" "debounce" 3 19, 4 1 0, S_0x558df003ac10;
 .timescale 0 0;
    .port_info 0 /INPUT 1 "clk";
    .port_info 1 /INPUT 1 "rst";
    .port_info 2 /INPUT 1 "button";
    .port_info 3 /OUTPUT 1 "button_out";
L_0x558df0071990 .functor NOT 1, L_0x558df00718a0, C4<0>, C4<0>, C4<0>;
L_0x558df0071af0 .functor BUFZ 1, L_0x558df00718a0, C4<0>, C4<0>, C4<0>;
L_0x7f9c68f56138 .functor BUFT 1, C4<000000000000000010>, C4<0>, C4<0>, C4<0>;
v0x558df00321a0_0 .net/2u *"_ivl_0", 17 0, L_0x7f9c68f56138;  1 drivers
L_0x7f9c68f561c8 .functor BUFT 1, C4<000000000010010000>, C4<0>, C4<0>, C4<0>;
v0x558df002e9e0_0 .net/2u *"_ivl_10", 17 0, L_0x7f9c68f561c8;  1 drivers
v0x558df002ad70_0 .net *"_ivl_12", 17 0, L_0x558df0071c00;  1 drivers
L_0x7f9c68f56210 .functor BUFT 1, C4<000000000000000000>, C4<0>, C4<0>, C4<0>;
v0x558df005ef00_0 .net/2u *"_ivl_14", 17 0, L_0x7f9c68f56210;  1 drivers
v0x558df005efe0_0 .net *"_ivl_4", 0 0, L_0x558df0071990;  1 drivers
L_0x7f9c68f56180 .functor BUFT 1, C4<000000000000000001>, C4<0>, C4<0>, C4<0>;
v0x558df005f110_0 .net/2u *"_ivl_6", 17 0, L_0x7f9c68f56180;  1 drivers
v0x558df005f1f0_0 .net *"_ivl_8", 17 0, L_0x558df0071a50;  1 drivers
v0x558df005f2d0_0 .net "button", 0 0, v0x558df0060d80_0;  alias, 1 drivers
v0x558df005f390_0 .net "button_out", 0 0, L_0x558df0071af0;  alias, 1 drivers
v0x558df005f450_0 .net "clk", 0 0, v0x558df0060fa0_0;  alias, 1 drivers
v0x558df005f510_0 .var "counter", 17 0;
v0x558df005f5f0_0 .net "counter_nxt", 17 0, L_0x558df0071d90;  1 drivers
v0x558df005f6d0_0 .net "full", 0 0, L_0x558df00718a0;  1 drivers
v0x558df005f790_0 .net "rst", 0 0, v0x558df0061040_0;  alias, 1 drivers
E_0x558df0000650 .event posedge, v0x558df005f450_0;
L_0x558df00718a0 .cmp/eq 18, v0x558df005f510_0, L_0x7f9c68f56138;
L_0x558df0071a50 .arith/sum 18, v0x558df005f510_0, L_0x7f9c68f56180;
L_0x558df0071c00 .functor MUXZ 18, L_0x7f9c68f561c8, L_0x558df0071a50, L_0x558df0071990, C4<>;
L_0x558df0071d90 .functor MUXZ 18, L_0x7f9c68f56210, L_0x558df0071c00, v0x558df0060d80_0, C4<>;
S_0x558df005f8d0 .scope module, "debplus" "debounce" 3 12, 4 1 0, S_0x558df003ac10;
 .timescale 0 0;
    .port_info 0 /INPUT 1 "clk";
    .port_info 1 /INPUT 1 "rst";
    .port_info 2 /INPUT 1 "button";
    .port_info 3 /OUTPUT 1 "button_out";
L_0x558df0029470 .functor NOT 1, L_0x558df00711e0, C4<0>, C4<0>, C4<0>;
L_0x558df00713c0 .functor BUFZ 1, L_0x558df00711e0, C4<0>, C4<0>, C4<0>;
L_0x7f9c68f56018 .functor BUFT 1, C4<000000000000000010>, C4<0>, C4<0>, C4<0>;
v0x558df005fa80_0 .net/2u *"_ivl_0", 17 0, L_0x7f9c68f56018;  1 drivers
L_0x7f9c68f560a8 .functor BUFT 1, C4<000000000010010000>, C4<0>, C4<0>, C4<0>;
v0x558df005fb60_0 .net/2u *"_ivl_10", 17 0, L_0x7f9c68f560a8;  1 drivers
v0x558df005fc40_0 .net *"_ivl_12", 17 0, L_0x558df00714d0;  1 drivers
L_0x7f9c68f560f0 .functor BUFT 1, C4<000000000000000000>, C4<0>, C4<0>, C4<0>;
v0x558df005fd00_0 .net/2u *"_ivl_14", 17 0, L_0x7f9c68f560f0;  1 drivers
v0x558df005fde0_0 .net *"_ivl_4", 0 0, L_0x558df0029470;  1 drivers
L_0x7f9c68f56060 .functor BUFT 1, C4<000000000000000001>, C4<0>, C4<0>, C4<0>;
v0x558df005ff10_0 .net/2u *"_ivl_6", 17 0, L_0x7f9c68f56060;  1 drivers
v0x558df005fff0_0 .net *"_ivl_8", 17 0, L_0x558df0071320;  1 drivers
v0x558df00600d0_0 .net "button", 0 0, v0x558df0060e90_0;  alias, 1 drivers
v0x558df0060190_0 .net "button_out", 0 0, L_0x558df00713c0;  alias, 1 drivers
v0x558df0060250_0 .net "clk", 0 0, v0x558df0060fa0_0;  alias, 1 drivers
v0x558df00602f0_0 .var "counter", 17 0;
v0x558df00603b0_0 .net "counter_nxt", 17 0, L_0x558df0071690;  1 drivers
v0x558df0060490_0 .net "full", 0 0, L_0x558df00711e0;  1 drivers
v0x558df0060550_0 .net "rst", 0 0, v0x558df0061040_0;  alias, 1 drivers
L_0x558df00711e0 .cmp/eq 18, v0x558df00602f0_0, L_0x7f9c68f56018;
L_0x558df0071320 .arith/sum 18, v0x558df00602f0_0, L_0x7f9c68f56060;
L_0x558df00714d0 .functor MUXZ 18, L_0x7f9c68f560a8, L_0x558df0071320, L_0x558df0029470, C4<>;
L_0x558df0071690 .functor MUXZ 18, L_0x7f9c68f560f0, L_0x558df00714d0, v0x558df0060e90_0, C4<>;
    .scope S_0x558df005f8d0;
T_0 ;
    %wait E_0x558df0000650;
    %load/vec4 v0x558df0060550_0;
    %flag_set/vec4 8;
    %jmp/0xz  T_0.0, 8;
    %pushi/vec4 0, 0, 18;
    %assign/vec4 v0x558df00602f0_0, 0;
    %jmp T_0.1;
T_0.0 ;
    %load/vec4 v0x558df00603b0_0;
    %assign/vec4 v0x558df00602f0_0, 0;
T_0.1 ;
    %jmp T_0;
    .thread T_0;
    .scope S_0x558df0040940;
T_1 ;
    %wait E_0x558df0000650;
    %load/vec4 v0x558df005f790_0;
    %flag_set/vec4 8;
    %jmp/0xz  T_1.0, 8;
    %pushi/vec4 0, 0, 18;
    %assign/vec4 v0x558df005f510_0, 0;
    %jmp T_1.1;
T_1.0 ;
    %load/vec4 v0x558df005f5f0_0;
    %assign/vec4 v0x558df005f510_0, 0;
T_1.1 ;
    %jmp T_1;
    .thread T_1;
    .scope S_0x558df003ac10;
T_2 ;
    %wait E_0x558df0000650;
    %load/vec4 v0x558df0060b70_0;
    %flag_set/vec4 8;
    %jmp/0xz  T_2.0, 8;
    %pushi/vec4 0, 0, 4;
    %assign/vec4 v0x558df0060ad0_0, 0;
    %pushi/vec4 127, 0, 7;
    %assign/vec4 v0x558df0060c60_0, 0;
    %jmp T_2.1;
T_2.0 ;
    %load/vec4 v0x558df0060740_0;
    %flag_set/vec4 8;
    %jmp/0xz  T_2.2, 8;
    %load/vec4 v0x558df0060ad0_0;
    %addi 1, 0, 4;
    %assign/vec4 v0x558df0060ad0_0, 0;
    %jmp T_2.3;
T_2.2 ;
    %load/vec4 v0x558df0060680_0;
    %flag_set/vec4 8;
    %jmp/0xz  T_2.4, 8;
    %load/vec4 v0x558df0060ad0_0;
    %subi 1, 0, 4;
    %assign/vec4 v0x558df0060ad0_0, 0;
T_2.4 ;
T_2.3 ;
T_2.1 ;
    %jmp T_2;
    .thread T_2;
    .scope S_0x558df003ac10;
T_3 ;
    %wait E_0x558df0039230;
    %load/vec4 v0x558df0060ad0_0;
    %dup/vec4;
    %pushi/vec4 0, 0, 4;
    %cmp/u;
    %jmp/1 T_3.0, 6;
    %dup/vec4;
    %pushi/vec4 1, 0, 4;
    %cmp/u;
    %jmp/1 T_3.1, 6;
    %dup/vec4;
    %pushi/vec4 2, 0, 4;
    %cmp/u;
    %jmp/1 T_3.2, 6;
    %dup/vec4;
    %pushi/vec4 3, 0, 4;
    %cmp/u;
    %jmp/1 T_3.3, 6;
    %dup/vec4;
    %pushi/vec4 4, 0, 4;
    %cmp/u;
    %jmp/1 T_3.4, 6;
    %dup/vec4;
    %pushi/vec4 5, 0, 4;
    %cmp/u;
    %jmp/1 T_3.5, 6;
    %dup/vec4;
    %pushi/vec4 6, 0, 4;
    %cmp/u;
    %jmp/1 T_3.6, 6;
    %dup/vec4;
    %pushi/vec4 7, 0, 4;
    %cmp/u;
    %jmp/1 T_3.7, 6;
    %dup/vec4;
    %pushi/vec4 8, 0, 4;
    %cmp/u;
    %jmp/1 T_3.8, 6;
    %dup/vec4;
    %pushi/vec4 9, 0, 4;
    %cmp/u;
    %jmp/1 T_3.9, 6;
    %pushi/vec4 127, 0, 7;
    %assign/vec4 v0x558df0060c60_0, 0;
    %jmp T_3.11;
T_3.0 ;
    %pushi/vec4 1, 0, 7;
    %assign/vec4 v0x558df0060c60_0, 0;
    %jmp T_3.11;
T_3.1 ;
    %pushi/vec4 79, 0, 7;
    %assign/vec4 v0x558df0060c60_0, 0;
    %jmp T_3.11;
T_3.2 ;
    %pushi/vec4 18, 0, 7;
    %assign/vec4 v0x558df0060c60_0, 0;
    %jmp T_3.11;
T_3.3 ;
    %pushi/vec4 6, 0, 7;
    %assign/vec4 v0x558df0060c60_0, 0;
    %jmp T_3.11;
T_3.4 ;
    %pushi/vec4 76, 0, 7;
    %assign/vec4 v0x558df0060c60_0, 0;
    %jmp T_3.11;
T_3.5 ;
    %pushi/vec4 36, 0, 7;
    %assign/vec4 v0x558df0060c60_0, 0;
    %jmp T_3.11;
T_3.6 ;
    %pushi/vec4 32, 0, 7;
    %assign/vec4 v0x558df0060c60_0, 0;
    %jmp T_3.11;
T_3.7 ;
    %pushi/vec4 15, 0, 7;
    %assign/vec4 v0x558df0060c60_0, 0;
    %jmp T_3.11;
T_3.8 ;
    %pushi/vec4 0, 0, 7;
    %assign/vec4 v0x558df0060c60_0, 0;
    %jmp T_3.11;
T_3.9 ;
    %pushi/vec4 4, 0, 7;
    %assign/vec4 v0x558df0060c60_0, 0;
    %jmp T_3.11;
T_3.11 ;
    %pop/vec4 1;
    %jmp T_3;
    .thread T_3, $push;
    .scope S_0x558df003aa80;
T_4 ;
    %delay 5, 0;
    %load/vec4 v0x558df0060fa0_0;
    %inv;
    %store/vec4 v0x558df0060fa0_0, 0, 1;
    %jmp T_4;
    .thread T_4;
    .scope S_0x558df003aa80;
T_5 ;
    %vpi_call 2 21 "$dumpfile", "segment2buttons.vcd" {0 0 0};
    %vpi_call 2 22 "$dumpvars" {0 0 0};
    %pushi/vec4 0, 0, 1;
    %store/vec4 v0x558df0060fa0_0, 0, 1;
    %pushi/vec4 1, 0, 1;
    %store/vec4 v0x558df0061040_0, 0, 1;
    %pushi/vec4 0, 0, 1;
    %store/vec4 v0x558df0060e90_0, 0, 1;
    %pushi/vec4 0, 0, 1;
    %store/vec4 v0x558df0060d80_0, 0, 1;
    %delay 10, 0;
    %pushi/vec4 0, 0, 1;
    %store/vec4 v0x558df0061040_0, 0, 1;
    %delay 15, 0;
    %pushi/vec4 1, 0, 1;
    %store/vec4 v0x558df0060e90_0, 0, 1;
    %delay 50, 0;
    %pushi/vec4 0, 0, 1;
    %store/vec4 v0x558df0060e90_0, 0, 1;
    %delay 15, 0;
    %pushi/vec4 1, 0, 1;
    %store/vec4 v0x558df0060e90_0, 0, 1;
    %delay 5, 0;
    %pushi/vec4 0, 0, 1;
    %store/vec4 v0x558df0060e90_0, 0, 1;
    %delay 10, 0;
    %pushi/vec4 1, 0, 1;
    %store/vec4 v0x558df0060d80_0, 0, 1;
    %delay 5, 0;
    %pushi/vec4 0, 0, 1;
    %store/vec4 v0x558df0060d80_0, 0, 1;
    %delay 20, 0;
    %pushi/vec4 1, 0, 1;
    %store/vec4 v0x558df0060e90_0, 0, 1;
    %delay 5, 0;
    %pushi/vec4 0, 0, 1;
    %store/vec4 v0x558df0060e90_0, 0, 1;
    %delay 1000, 0;
    %vpi_call 2 40 "$finish" {0 0 0};
    %end;
    .thread T_5;
    .scope S_0x558df003aa80;
T_6 ;
    %wait E_0x558df0000650;
    %vpi_call 2 44 "$display", "Segment: %b", v0x558df00610e0_0 {0 0 0};
    %jmp T_6;
    .thread T_6;
# The file index is used to find the file name in the following table.
:file_names 5;
    "N/A";
    "<interactive>";
    "testbench.v";
    "segmentbutton.v";
    "debounce.v";
